/home/vkonuru/.conda/envs/cleanRL/lib/python3.9/site-packages/torch/utils/tensorboard/__init__.py:4: DeprecationWarning: distutils Version classes are deprecated. Use packaging.version instead.
  if not hasattr(tensorboard, "__version__") or LooseVersion(
/home/vkonuru/.conda/envs/cleanRL/lib/python3.9/site-packages/torch/utils/tensorboard/__init__.py:6: DeprecationWarning: distutils Version classes are deprecated. Use packaging.version instead.
  ) < LooseVersion("1.15"):
/home/vkonuru/.conda/envs/cleanRL/lib/python3.9/site-packages/gymnasium/utils/passive_env_checker.py:164: UserWarning: [33mWARN: The obs returned by the `reset()` method was expecting numpy array dtype to be <class 'numpy.float32'>, actual type: float64[0m
  logger.warn(
/home/vkonuru/.conda/envs/cleanRL/lib/python3.9/site-packages/gymnasium/utils/passive_env_checker.py:188: UserWarning: [33mWARN: The obs returned by the `reset()` method is not within the observation space.[0m
  logger.warn(f"{pre} is not within the observation space.")
/home/vkonuru/.conda/envs/cleanRL/lib/python3.9/site-packages/gymnasium/utils/passive_env_checker.py:164: UserWarning: [33mWARN: The obs returned by the `step()` method was expecting numpy array dtype to be <class 'numpy.float32'>, actual type: float64[0m
  logger.warn(
/home/vkonuru/.conda/envs/cleanRL/lib/python3.9/site-packages/gymnasium/utils/passive_env_checker.py:188: UserWarning: [33mWARN: The obs returned by the `step()` method is not within the observation space.[0m
  logger.warn(f"{pre} is not within the observation space.")
Device: cpu
global_step=12, episodic_return=[10.137043]
global_step=33, episodic_return=[24.455343]
global_step=77, episodic_return=[31.36806]
global_step=97, episodic_return=[3.940759]
global_step=120, episodic_return=[11.472996]
global_step=140, episodic_return=[0.6017108]
global_step=151, episodic_return=[2.221911]
global_step=161, episodic_return=[1.416333]
global_step=170, episodic_return=[1.4115987]
global_step=180, episodic_return=[0.309798]
global_step=190, episodic_return=[0.25947952]
global_step=200, episodic_return=[0.43177223]
SPS: 263
global_step=209, episodic_return=[1.0839152]
global_step=218, episodic_return=[0.7384435]
global_step=227, episodic_return=[1.1544348]
global_step=236, episodic_return=[1.0395604]
global_step=245, episodic_return=[0.6952219]
global_step=254, episodic_return=[0.9785094]
global_step=263, episodic_return=[0.9507625]
global_step=272, episodic_return=[0.6413573]
global_step=281, episodic_return=[0.8431673]
global_step=290, episodic_return=[0.82950675]
global_step=299, episodic_return=[0.59801483]
SPS: 268
global_step=308, episodic_return=[0.8902824]
global_step=317, episodic_return=[0.82569206]
global_step=326, episodic_return=[0.88914144]
global_step=335, episodic_return=[0.6575674]
global_step=344, episodic_return=[0.68772185]
global_step=353, episodic_return=[0.7386379]
global_step=362, episodic_return=[1.1172063]
global_step=371, episodic_return=[0.60779893]
global_step=380, episodic_return=[0.9183302]
global_step=389, episodic_return=[0.7512834]
global_step=398, episodic_return=[0.65290177]
SPS: 270
global_step=407, episodic_return=[0.5041213]
global_step=416, episodic_return=[0.8608979]
global_step=425, episodic_return=[1.3978797]
global_step=434, episodic_return=[1.0456444]
global_step=444, episodic_return=[0.49272716]
global_step=453, episodic_return=[2.0431087]
global_step=463, episodic_return=[4.710959]
global_step=473, episodic_return=[5.514328]
global_step=483, episodic_return=[5.51451]
global_step=493, episodic_return=[5.2596745]
SPS: 271
global_step=503, episodic_return=[5.897558]
global_step=513, episodic_return=[5.607351]
global_step=523, episodic_return=[5.6419015]
global_step=533, episodic_return=[5.8390675]
global_step=543, episodic_return=[5.926256]
global_step=554, episodic_return=[6.856301]
global_step=566, episodic_return=[9.393084]
global_step=588, episodic_return=[38.134697]
SPS: 272
global_step=610, episodic_return=[38.70718]
global_step=633, episodic_return=[40.277493]
global_step=655, episodic_return=[38.16152]
global_step=677, episodic_return=[38.22103]
global_step=700, episodic_return=[40.411983]
SPS: 274
global_step=722, episodic_return=[38.623493]
global_step=745, episodic_return=[40.519073]
global_step=767, episodic_return=[38.775]
global_step=789, episodic_return=[38.187595]
SPS: 275
global_step=811, episodic_return=[38.803772]
global_step=833, episodic_return=[38.522686]
global_step=855, episodic_return=[38.64835]
global_step=879, episodic_return=[41.685246]
SPS: 275
global_step=902, episodic_return=[40.326485]
global_step=923, episodic_return=[37.18762]
global_step=945, episodic_return=[38.93015]
global_step=967, episodic_return=[38.5049]
global_step=989, episodic_return=[38.50435]
SPS: 274
global_step=1011, episodic_return=[39.125347]
global_step=1033, episodic_return=[38.613106]
global_step=1057, episodic_return=[41.853554]
global_step=1079, episodic_return=[38.658157]
SPS: 275
global_step=1102, episodic_return=[40.062405]
global_step=1125, episodic_return=[40.39469]
global_step=1148, episodic_return=[40.348343]
global_step=1170, episodic_return=[38.739975]
global_step=1192, episodic_return=[38.80308]
SPS: 275
global_step=1214, episodic_return=[38.555153]
global_step=1236, episodic_return=[38.69535]
global_step=1258, episodic_return=[39.016838]
global_step=1281, episodic_return=[40.141098]
SPS: 275
global_step=1303, episodic_return=[38.783604]
global_step=1325, episodic_return=[38.471596]
global_step=1348, episodic_return=[40.03984]
global_step=1370, episodic_return=[38.644344]
global_step=1392, episodic_return=[38.43303]
SPS: 274
global_step=1414, episodic_return=[38.806362]
global_step=1436, episodic_return=[38.933887]
global_step=1459, episodic_return=[40.12298]
global_step=1481, episodic_return=[38.91617]
SPS: 274
global_step=1503, episodic_return=[38.817074]
global_step=1526, episodic_return=[39.988182]
global_step=1549, episodic_return=[40.49904]
global_step=1571, episodic_return=[39.036575]
global_step=1593, episodic_return=[38.38412]
SPS: 273
global_step=1615, episodic_return=[38.644093]
global_step=1637, episodic_return=[38.071167]
global_step=1662, episodic_return=[43.81681]
global_step=1699, episodic_return=[64.48832]
SPS: 273
global_step=1707, episodic_return=[7.297621]
global_step=1715, episodic_return=[6.845489]
global_step=1723, episodic_return=[6.833275]
global_step=1730, episodic_return=[6.0176163]
global_step=1737, episodic_return=[5.91609]
global_step=1744, episodic_return=[5.9400387]
global_step=1751, episodic_return=[5.9628954]
global_step=1759, episodic_return=[7.002387]
global_step=1766, episodic_return=[6.070486]
global_step=1773, episodic_return=[5.931863]
global_step=1780, episodic_return=[5.8833656]
global_step=1787, episodic_return=[6.0506973]
global_step=1794, episodic_return=[6.100988]
SPS: 272
global_step=1802, episodic_return=[7.3372693]
global_step=1811, episodic_return=[9.000358]
global_step=1821, episodic_return=[10.86939]
global_step=1832, episodic_return=[12.777615]
global_step=1844, episodic_return=[14.316061]
global_step=1856, episodic_return=[14.4696]
global_step=1868, episodic_return=[14.653272]
global_step=1882, episodic_return=[19.010086]
global_step=1898, episodic_return=[22.935717]
SPS: 271
global_step=1918, episodic_return=[30.947271]
global_step=1937, episodic_return=[28.71447]
global_step=1954, episodic_return=[24.85967]
global_step=1971, episodic_return=[25.147472]
global_step=1991, episodic_return=[30.79764]
SPS: 271
global_step=2012, episodic_return=[32.635963]
global_step=2034, episodic_return=[34.752464]
global_step=2058, episodic_return=[38.457443]
global_step=2086, episodic_return=[45.79597]
SPS: 271
global_step=2171, episodic_return=[175.18925]
SPS: 271
global_step=2256, episodic_return=[172.12163]
SPS: 271
global_step=2341, episodic_return=[167.72664]
SPS: 272
global_step=2419, episodic_return=[145.60835]
global_step=2465, episodic_return=[79.66934]
SPS: 272
global_step=2520, episodic_return=[96.45885]
global_step=2571, episodic_return=[88.700356]
SPS: 272
global_step=2637, episodic_return=[115.78279]
SPS: 272
global_step=2701, episodic_return=[112.17251]
global_step=2765, episodic_return=[113.63586]
SPS: 271
global_step=2830, episodic_return=[115.84339]
SPS: 272
global_step=2903, episodic_return=[130.9038]
global_step=2975, episodic_return=[129.1363]
SPS: 271
global_step=3056, episodic_return=[151.95651]
global_step=3089, episodic_return=[59.646614]
SPS: 271
global_step=3116, episodic_return=[48.297356]
global_step=3144, episodic_return=[50.380478]
SPS: 271
global_step=3230, episodic_return=[170.06372]
SPS: 271
global_step=3315, episodic_return=[168.47166]
SPS: 271
global_step=3401, episodic_return=[168.19264]
global_step=3487, episodic_return=[168.79314]
SPS: 271
global_step=3573, episodic_return=[167.44867]
SPS: 271
global_step=3659, episodic_return=[167.32678]
SPS: 271
global_step=3743, episodic_return=[163.16505]
global_step=3766, episodic_return=[40.980675]
SPS: 271
global_step=3852, episodic_return=[171.06622]
SPS: 271
global_step=3939, episodic_return=[193.21838]
SPS: 271
global_step=4025, episodic_return=[185.89401]
SPS: 271
global_step=4111, episodic_return=[187.31596]
global_step=4199, episodic_return=[193.62521]
SPS: 271
global_step=4284, episodic_return=[185.9241]
SPS: 271
global_step=4321, episodic_return=[66.53917]
SPS: 271
global_step=4406, episodic_return=[185.94398]
global_step=4446, episodic_return=[71.1428]
global_step=4484, episodic_return=[67.562355]
SPS: 271
global_step=4522, episodic_return=[67.90138]
global_step=4559, episodic_return=[65.90898]
global_step=4594, episodic_return=[63.747482]
SPS: 271
global_step=4630, episodic_return=[63.85898]
global_step=4666, episodic_return=[65.03365]
SPS: 271
global_step=4703, episodic_return=[67.0716]
global_step=4736, episodic_return=[59.94856]
global_step=4766, episodic_return=[54.640778]
SPS: 270
global_step=4852, episodic_return=[170.21027]
SPS: 270
global_step=4938, episodic_return=[165.55344]
SPS: 270
global_step=5025, episodic_return=[169.68332]
SPS: 270
global_step=5108, episodic_return=[161.02089]
global_step=5190, episodic_return=[157.22758]
SPS: 270
global_step=5275, episodic_return=[164.04044]
SPS: 270
global_step=5361, episodic_return=[167.85463]
SPS: 270
global_step=5444, episodic_return=[161.25021]
SPS: 270
global_step=5529, episodic_return=[170.98721]
SPS: 271
global_step=5615, episodic_return=[165.95926]
global_step=5699, episodic_return=[162.9875]
SPS: 271
global_step=5785, episodic_return=[168.75919]
SPS: 271
global_step=5871, episodic_return=[168.69164]
SPS: 271
global_step=5957, episodic_return=[166.09705]
SPS: 271
global_step=6043, episodic_return=[170.28802]
SPS: 271
global_step=6129, episodic_return=[169.5678]
SPS: 271
global_step=6215, episodic_return=[167.5542]
SPS: 271
global_step=6301, episodic_return=[167.33981]
global_step=6387, episodic_return=[166.79454]
SPS: 271
global_step=6473, episodic_return=[166.79454]
SPS: 271
global_step=6559, episodic_return=[167.63026]
SPS: 271
global_step=6642, episodic_return=[159.78636]
SPS: 271
global_step=6728, episodic_return=[170.86827]
SPS: 271
global_step=6813, episodic_return=[166.0065]
global_step=6898, episodic_return=[167.02563]
SPS: 271
global_step=6984, episodic_return=[167.1495]
SPS: 271
global_step=7070, episodic_return=[169.24527]
SPS: 271
global_step=7156, episodic_return=[167.35645]
SPS: 271
global_step=7240, episodic_return=[170.43335]
SPS: 271
global_step=7325, episodic_return=[165.11154]
SPS: 271
global_step=7409, episodic_return=[162.19942]
global_step=7495, episodic_return=[166.52905]
SPS: 271
global_step=7580, episodic_return=[165.19138]
SPS: 271
global_step=7665, episodic_return=[165.70796]
SPS: 271
global_step=7750, episodic_return=[169.43257]
SPS: 271
global_step=7834, episodic_return=[167.97983]
SPS: 271
global_step=7919, episodic_return=[169.44063]
SPS: 271
global_step=8004, episodic_return=[166.44896]
global_step=8089, episodic_return=[165.01622]
SPS: 271
global_step=8175, episodic_return=[168.23907]
SPS: 271
global_step=8259, episodic_return=[168.69524]
SPS: 271
global_step=8344, episodic_return=[168.48402]
SPS: 271
global_step=8429, episodic_return=[166.56721]
SPS: 271
global_step=8514, episodic_return=[168.93906]
global_step=8598, episodic_return=[167.29611]
SPS: 271
global_step=8683, episodic_return=[165.08566]
SPS: 271
global_step=8766, episodic_return=[167.94858]
SPS: 271
global_step=8851, episodic_return=[165.98367]
SPS: 271
global_step=8935, episodic_return=[169.32056]
SPS: 271
global_step=9020, episodic_return=[166.7375]
SPS: 271
global_step=9105, episodic_return=[166.3947]
global_step=9190, episodic_return=[164.5999]
SPS: 271
global_step=9273, episodic_return=[161.33464]
SPS: 271
global_step=9359, episodic_return=[167.25325]
SPS: 271
global_step=9443, episodic_return=[166.70691]
SPS: 271
global_step=9528, episodic_return=[166.23836]
SPS: 271
global_step=9613, episodic_return=[166.99101]
global_step=9698, episodic_return=[168.64407]
SPS: 271
global_step=9783, episodic_return=[165.19777]
SPS: 271
global_step=9867, episodic_return=[171.0595]
SPS: 271
global_step=9953, episodic_return=[170.01999]
SPS: 271
global_step=10039, episodic_return=[170.81898]
SPS: 271
global_step=10123, episodic_return=[171.70027]
SPS: 271
global_step=10208, episodic_return=[169.81061]
global_step=10293, episodic_return=[170.77808]
SPS: 271
global_step=10378, episodic_return=[171.71213]
SPS: 271
global_step=10463, episodic_return=[165.40245]
SPS: 271
global_step=10548, episodic_return=[168.99771]
SPS: 271
global_step=10634, episodic_return=[168.35097]
SPS: 271
global_step=10718, episodic_return=[166.37576]
SPS: 271
global_step=10803, episodic_return=[169.19745]
global_step=10888, episodic_return=[166.45988]
SPS: 271
global_step=10972, episodic_return=[169.9602]
SPS: 271
global_step=11057, episodic_return=[167.18562]
SPS: 271
global_step=11142, episodic_return=[164.85844]
SPS: 271
global_step=11226, episodic_return=[169.25029]
SPS: 271
global_step=11311, episodic_return=[166.21553]
global_step=11396, episodic_return=[169.04224]
SPS: 271
global_step=11481, episodic_return=[169.51822]
SPS: 271
global_step=11565, episodic_return=[166.1748]
SPS: 271
global_step=11650, episodic_return=[167.60684]
SPS: 271
global_step=11734, episodic_return=[166.2637]
SPS: 271
global_step=11819, episodic_return=[167.97235]
SPS: 271
global_step=11903, episodic_return=[163.45726]
global_step=11986, episodic_return=[161.82484]
SPS: 271
global_step=12070, episodic_return=[170.46646]
SPS: 272
global_step=12155, episodic_return=[167.98141]
SPS: 272
global_step=12239, episodic_return=[169.08986]
SPS: 272
global_step=12323, episodic_return=[164.74464]
SPS: 272
global_step=12408, episodic_return=[169.78392]
global_step=12493, episodic_return=[168.74423]
SPS: 272
global_step=12578, episodic_return=[165.7491]
SPS: 272
global_step=12663, episodic_return=[166.26535]
SPS: 272
global_step=12748, episodic_return=[168.32109]
SPS: 272
global_step=12833, episodic_return=[168.1863]
SPS: 272
global_step=12918, episodic_return=[166.91704]
SPS: 272
global_step=13004, episodic_return=[168.72746]
global_step=13089, episodic_return=[168.41078]
SPS: 272
global_step=13174, episodic_return=[166.91653]
SPS: 272
global_step=13259, episodic_return=[167.6135]
SPS: 272
global_step=13345, episodic_return=[168.92703]
SPS: 272
global_step=13430, episodic_return=[168.36519]
SPS: 272
global_step=13515, episodic_return=[166.60333]
global_step=13600, episodic_return=[168.98021]
SPS: 272
global_step=13685, episodic_return=[167.11977]
SPS: 272
global_step=13770, episodic_return=[166.33037]
SPS: 272
global_step=13855, episodic_return=[172.05215]
SPS: 272
global_step=13939, episodic_return=[164.43059]
SPS: 272
global_step=14025, episodic_return=[168.44142]
SPS: 272
global_step=14110, episodic_return=[167.98564]
global_step=14195, episodic_return=[172.65607]
SPS: 272
global_step=14279, episodic_return=[169.42139]
SPS: 272
global_step=14364, episodic_return=[168.30598]
SPS: 272
global_step=14449, episodic_return=[168.96858]
SPS: 272
global_step=14534, episodic_return=[168.71332]
SPS: 272
global_step=14619, episodic_return=[166.23837]
SPS: 272
global_step=14703, episodic_return=[168.97675]
global_step=14787, episodic_return=[170.3993]
SPS: 272
global_step=14872, episodic_return=[168.69182]
SPS: 272
global_step=14956, episodic_return=[165.38196]
SPS: 272
global_step=15041, episodic_return=[166.09917]
SPS: 272
global_step=15125, episodic_return=[168.12936]
SPS: 272
global_step=15209, episodic_return=[165.09795]
global_step=15294, episodic_return=[166.98415]
SPS: 272
global_step=15379, episodic_return=[168.9879]
SPS: 272
global_step=15464, episodic_return=[167.41426]
SPS: 272
global_step=15550, episodic_return=[170.31801]
SPS: 272
global_step=15635, episodic_return=[168.67271]
SPS: 272
global_step=15721, episodic_return=[169.72823]
SPS: 272
global_step=15804, episodic_return=[162.70724]
global_step=15888, episodic_return=[169.9644]
SPS: 272
global_step=15973, episodic_return=[168.32167]
SPS: 272
global_step=16058, episodic_return=[167.80789]
SPS: 272
global_step=16143, episodic_return=[166.51128]
SPS: 272
global_step=16229, episodic_return=[171.02254]
SPS: 272
global_step=16314, episodic_return=[168.2126]
global_step=16399, episodic_return=[166.73631]
SPS: 272
global_step=16485, episodic_return=[168.69849]
SPS: 272
global_step=16570, episodic_return=[166.67902]
SPS: 272
global_step=16656, episodic_return=[168.89467]
SPS: 272
global_step=16739, episodic_return=[163.24763]
SPS: 272
global_step=16825, episodic_return=[169.63608]
SPS: 272
global_step=16910, episodic_return=[170.1775]
global_step=16995, episodic_return=[167.95653]
SPS: 272
global_step=17080, episodic_return=[167.65788]
SPS: 272
global_step=17165, episodic_return=[171.06708]
SPS: 272
global_step=17250, episodic_return=[169.15215]
SPS: 272
global_step=17334, episodic_return=[171.46494]
SPS: 272
global_step=17419, episodic_return=[169.82481]
SPS: 272
global_step=17504, episodic_return=[168.86383]
global_step=17590, episodic_return=[169.1616]
SPS: 272
global_step=17675, episodic_return=[167.16904]
SPS: 272
global_step=17761, episodic_return=[168.35606]
SPS: 272
global_step=17845, episodic_return=[169.62216]
SPS: 272
global_step=17930, episodic_return=[168.04971]
SPS: 272
global_step=18015, episodic_return=[169.42278]
global_step=18100, episodic_return=[167.6222]
SPS: 272
global_step=18185, episodic_return=[166.13747]
SPS: 272
global_step=18271, episodic_return=[168.17998]
SPS: 272
global_step=18357, episodic_return=[169.54614]
SPS: 272
global_step=18442, episodic_return=[165.91502]
SPS: 272
global_step=18527, episodic_return=[167.33858]
SPS: 272
global_step=18612, episodic_return=[167.50142]
global_step=18696, episodic_return=[164.09286]
SPS: 272
global_step=18780, episodic_return=[170.15204]
SPS: 272
global_step=18865, episodic_return=[168.09138]
SPS: 272
global_step=18951, episodic_return=[171.34596]
SPS: 272
global_step=19036, episodic_return=[167.96376]
SPS: 272
global_step=19121, episodic_return=[169.43245]
SPS: 272
global_step=19206, episodic_return=[168.69783]
global_step=19291, episodic_return=[165.56258]
SPS: 272
global_step=19375, episodic_return=[164.79012]
SPS: 272
global_step=19461, episodic_return=[171.72665]
SPS: 272
global_step=19545, episodic_return=[169.08609]
SPS: 272
global_step=19628, episodic_return=[163.67018]
SPS: 272
global_step=19714, episodic_return=[169.98875]
global_step=19798, episodic_return=[171.42589]
SPS: 272
global_step=19882, episodic_return=[169.95486]
SPS: 272
global_step=19967, episodic_return=[169.90634]
SPS: 272
global_step=20053, episodic_return=[171.0662]
SPS: 272
global_step=20138, episodic_return=[168.3436]
SPS: 272
global_step=20224, episodic_return=[172.21402]
SPS: 272
global_step=20309, episodic_return=[168.48857]
global_step=20395, episodic_return=[169.38934]
SPS: 272
global_step=20480, episodic_return=[170.0394]
SPS: 272
global_step=20566, episodic_return=[170.69371]
SPS: 272
global_step=20652, episodic_return=[169.70184]
SPS: 272
global_step=20736, episodic_return=[164.03001]
SPS: 272
global_step=20822, episodic_return=[168.73392]
SPS: 272
global_step=20908, episodic_return=[166.70065]
global_step=20994, episodic_return=[168.44543]
SPS: 272
global_step=21079, episodic_return=[166.68233]
SPS: 272
global_step=21162, episodic_return=[161.1621]
SPS: 272
global_step=21248, episodic_return=[168.04637]
SPS: 272
global_step=21334, episodic_return=[168.60388]
SPS: 272
global_step=21419, episodic_return=[166.31674]
SPS: 272
global_step=21503, episodic_return=[164.54668]
global_step=21588, episodic_return=[166.97525]
SPS: 272
global_step=21673, episodic_return=[167.24596]
SPS: 272
global_step=21759, episodic_return=[168.51227]
SPS: 272
global_step=21844, episodic_return=[168.04202]
SPS: 272
global_step=21930, episodic_return=[171.14914]
SPS: 272
global_step=22016, episodic_return=[169.65785]
SPS: 272
global_step=22102, episodic_return=[169.37524]
global_step=22188, episodic_return=[169.12595]
SPS: 273
global_step=22273, episodic_return=[170.11438]
SPS: 273
global_step=22358, episodic_return=[166.25526]
SPS: 273
global_step=22443, episodic_return=[168.08968]
SPS: 273
global_step=22528, episodic_return=[170.943]
SPS: 273
global_step=22614, episodic_return=[167.95584]
global_step=22700, episodic_return=[167.96469]
SPS: 273
global_step=22785, episodic_return=[167.73524]
SPS: 273
global_step=22870, episodic_return=[167.97748]
SPS: 273
global_step=22955, episodic_return=[166.43962]
SPS: 273
global_step=23040, episodic_return=[167.17833]
SPS: 273
global_step=23125, episodic_return=[168.63422]
SPS: 273
global_step=23211, episodic_return=[169.3253]
global_step=23297, episodic_return=[167.96608]
SPS: 273
global_step=23383, episodic_return=[167.87631]
SPS: 273
global_step=23468, episodic_return=[168.58757]
SPS: 273
global_step=23553, episodic_return=[170.48445]
SPS: 273
global_step=23638, episodic_return=[169.32631]
SPS: 273
global_step=23723, episodic_return=[167.37955]
SPS: 273
global_step=23808, episodic_return=[171.76543]
global_step=23894, episodic_return=[168.89798]
SPS: 273
global_step=23981, episodic_return=[170.73306]
SPS: 273
global_step=24067, episodic_return=[170.51346]
SPS: 273
global_step=24153, episodic_return=[167.86206]
SPS: 273
global_step=24236, episodic_return=[162.43565]
SPS: 273
global_step=24321, episodic_return=[169.07451]
SPS: 273
global_step=24406, episodic_return=[166.44766]
global_step=24492, episodic_return=[167.70369]
SPS: 274
global_step=24578, episodic_return=[168.48209]
SPS: 274
global_step=24664, episodic_return=[168.88914]
SPS: 274
global_step=24750, episodic_return=[170.37291]
SPS: 274
global_step=24835, episodic_return=[166.32295]
SPS: 274
global_step=24921, episodic_return=[170.263]
SPS: 274
global_step=25006, episodic_return=[169.11621]
global_step=25092, episodic_return=[168.76964]
SPS: 274
global_step=25178, episodic_return=[168.03537]
SPS: 274
global_step=25263, episodic_return=[169.55977]
SPS: 274
global_step=25349, episodic_return=[167.62408]
SPS: 274
global_step=25434, episodic_return=[168.98456]
SPS: 274
global_step=25519, episodic_return=[168.56308]
SPS: 274
global_step=25605, episodic_return=[168.57324]
global_step=25691, episodic_return=[172.285]
SPS: 274
global_step=25777, episodic_return=[169.11974]
SPS: 274
global_step=25863, episodic_return=[169.08281]
SPS: 274
global_step=25948, episodic_return=[168.9177]
SPS: 274
global_step=26033, episodic_return=[168.59225]
SPS: 274
global_step=26119, episodic_return=[169.60016]
SPS: 274
global_step=26205, episodic_return=[168.0814]
global_step=26291, episodic_return=[169.32764]
SPS: 274
global_step=26376, episodic_return=[168.8151]
SPS: 274
global_step=26462, episodic_return=[167.59541]
SPS: 274
global_step=26544, episodic_return=[160.24493]
SPS: 274
global_step=26630, episodic_return=[167.95235]
SPS: 274
global_step=26716, episodic_return=[167.99904]
SPS: 274
global_step=26802, episodic_return=[168.36856]
global_step=26888, episodic_return=[169.8556]
SPS: 274
global_step=26974, episodic_return=[171.75705]
SPS: 274
global_step=27059, episodic_return=[165.67915]
SPS: 274
global_step=27145, episodic_return=[170.05647]
SPS: 274
global_step=27231, episodic_return=[168.90265]
SPS: 274
global_step=27317, episodic_return=[169.10631]
SPS: 274
global_step=27402, episodic_return=[170.12604]
global_step=27488, episodic_return=[169.77704]
SPS: 274
global_step=27574, episodic_return=[170.21492]
SPS: 275
global_step=27659, episodic_return=[169.13765]
SPS: 275
global_step=27745, episodic_return=[169.20804]
SPS: 275
global_step=27830, episodic_return=[170.89252]
SPS: 275
global_step=27916, episodic_return=[170.25824]
SPS: 275
global_step=28001, episodic_return=[168.81335]
global_step=28087, episodic_return=[170.93007]
SPS: 275
global_step=28172, episodic_return=[164.26723]
SPS: 275
global_step=28257, episodic_return=[166.62164]
SPS: 275
global_step=28342, episodic_return=[164.9386]
SPS: 275
global_step=28428, episodic_return=[168.32646]
SPS: 275
global_step=28514, episodic_return=[167.29848]
global_step=28600, episodic_return=[168.411]
SPS: 275
global_step=28686, episodic_return=[168.7631]
SPS: 275
global_step=28771, episodic_return=[166.43037]
SPS: 275
global_step=28856, episodic_return=[168.04099]
SPS: 275
global_step=28940, episodic_return=[168.44441]
SPS: 275
global_step=29025, episodic_return=[170.37424]
SPS: 275
global_step=29111, episodic_return=[170.35042]
global_step=29195, episodic_return=[169.13362]
SPS: 275
global_step=29280, episodic_return=[169.09827]
SPS: 275
global_step=29365, episodic_return=[166.32263]
SPS: 275
global_step=29450, episodic_return=[170.0475]
SPS: 275
global_step=29536, episodic_return=[170.4496]
SPS: 275
global_step=29622, episodic_return=[168.98808]
SPS: 275
global_step=29707, episodic_return=[166.32846]
global_step=29792, episodic_return=[170.62172]
SPS: 275
global_step=29878, episodic_return=[170.64609]
SPS: 275
global_step=29963, episodic_return=[165.45695]
SPS: 274
global_step=30049, episodic_return=[167.72983]
SPS: 274
global_step=30134, episodic_return=[166.44102]
SPS: 274
global_step=30220, episodic_return=[166.30199]
SPS: 274
global_step=30305, episodic_return=[165.26073]
global_step=30390, episodic_return=[166.45805]
SPS: 274
global_step=30476, episodic_return=[167.43407]
SPS: 274
global_step=30562, episodic_return=[169.13773]
SPS: 274
global_step=30648, episodic_return=[168.80736]
SPS: 274
global_step=30734, episodic_return=[172.28484]
SPS: 274
global_step=30820, episodic_return=[170.00102]
SPS: 274
global_step=30907, episodic_return=[172.7114]
global_step=30992, episodic_return=[170.29446]
SPS: 274
global_step=31078, episodic_return=[167.51703]
SPS: 274
global_step=31163, episodic_return=[168.5517]
SPS: 274
global_step=31249, episodic_return=[168.80571]
SPS: 274
global_step=31336, episodic_return=[170.62642]
SPS: 274
global_step=31422, episodic_return=[170.33092]
SPS: 274
global_step=31508, episodic_return=[166.74068]
global_step=31594, episodic_return=[168.30534]
SPS: 274
global_step=31680, episodic_return=[168.26201]
SPS: 274
global_step=31766, episodic_return=[171.50911]
SPS: 274
global_step=31852, episodic_return=[169.13623]
SPS: 274
global_step=31938, episodic_return=[168.97023]
SPS: 273
global_step=32024, episodic_return=[168.7757]
SPS: 273
global_step=32109, episodic_return=[165.37625]
global_step=32194, episodic_return=[169.17908]
SPS: 273
global_step=32280, episodic_return=[166.25414]
SPS: 273
global_step=32367, episodic_return=[167.00398]
SPS: 273
global_step=32452, episodic_return=[166.93327]
SPS: 273
global_step=32537, episodic_return=[165.00032]
SPS: 273
global_step=32622, episodic_return=[166.78143]
SPS: 273
global_step=32708, episodic_return=[169.05058]
global_step=32794, episodic_return=[168.99191]
SPS: 273
global_step=32880, episodic_return=[169.8715]
SPS: 273
global_step=32966, episodic_return=[172.5478]
SPS: 273
global_step=33052, episodic_return=[168.70059]
SPS: 273
global_step=33137, episodic_return=[170.19627]
SPS: 273
global_step=33223, episodic_return=[166.94072]
SPS: 273
global_step=33309, episodic_return=[170.67181]
global_step=33395, episodic_return=[167.72475]
SPS: 273
global_step=33480, episodic_return=[168.91685]
SPS: 273
global_step=33566, episodic_return=[168.72333]
SPS: 273
global_step=33652, episodic_return=[170.92094]
SPS: 273
global_step=33738, episodic_return=[167.24373]
SPS: 272
global_step=33824, episodic_return=[168.9086]
SPS: 272
global_step=33910, episodic_return=[169.61507]
global_step=33996, episodic_return=[168.61559]
SPS: 272
global_step=34082, episodic_return=[169.93271]
SPS: 272
global_step=34169, episodic_return=[172.44629]
SPS: 272
global_step=34254, episodic_return=[166.93672]
SPS: 272
global_step=34340, episodic_return=[169.59052]
SPS: 272
global_step=34426, episodic_return=[169.185]
SPS: 272
global_step=34510, episodic_return=[165.16144]
global_step=34592, episodic_return=[160.0476]
SPS: 272
global_step=34675, episodic_return=[162.54295]
SPS: 272
global_step=34761, episodic_return=[168.63953]
SPS: 272
global_step=34844, episodic_return=[163.19409]
SPS: 272
global_step=34928, episodic_return=[164.77252]
SPS: 272
global_step=35013, episodic_return=[167.37032]
global_step=35096, episodic_return=[162.30469]
SPS: 272
global_step=35180, episodic_return=[165.00148]
SPS: 272
global_step=35263, episodic_return=[162.037]
SPS: 272
global_step=35342, episodic_return=[152.87268]
SPS: 272
global_step=35419, episodic_return=[148.73752]
global_step=35499, episodic_return=[153.98297]
SPS: 272
global_step=35592, episodic_return=[160.31364]
SPS: 272
global_step=35671, episodic_return=[151.84492]
SPS: 272
global_step=35750, episodic_return=[153.12529]
SPS: 272
global_step=35862, episodic_return=[177.15541]
SPS: 272
global_step=35939, episodic_return=[145.34108]
SPS: 272
global_step=36044, episodic_return=[172.25655]
SPS: 271
global_step=36152, episodic_return=[177.61404]
SPS: 271
global_step=36242, episodic_return=[156.5021]
SPS: 271
global_step=36323, episodic_return=[158.27048]
SPS: 271
global_step=36405, episodic_return=[160.5186]
global_step=36433, episodic_return=[48.05265]
SPS: 271
global_step=36538, episodic_return=[174.58878]
global_step=36562, episodic_return=[40.89298]
SPS: 271
global_step=36640, episodic_return=[151.2564]
SPS: 271
global_step=36718, episodic_return=[150.73732]
global_step=36798, episodic_return=[154.55617]
SPS: 271
global_step=36876, episodic_return=[150.8934]
SPS: 271
global_step=36955, episodic_return=[152.57]
SPS: 271
global_step=37032, episodic_return=[147.57863]
SPS: 271
global_step=37117, episodic_return=[167.308]
global_step=37198, episodic_return=[158.42719]
SPS: 271
global_step=37275, episodic_return=[147.85027]
SPS: 271
global_step=37359, episodic_return=[185.32208]
SPS: 271
global_step=37440, episodic_return=[180.30789]
SPS: 271
global_step=37521, episodic_return=[179.6211]
SPS: 271
global_step=37603, episodic_return=[183.98648]
global_step=37689, episodic_return=[179.71773]
SPS: 271
global_step=37776, episodic_return=[187.30682]
SPS: 271
global_step=37858, episodic_return=[179.78062]
SPS: 271
global_step=37942, episodic_return=[178.95366]
SPS: 271
global_step=38025, episodic_return=[179.84578]
SPS: 271
global_step=38106, episodic_return=[179.01758]
global_step=38191, episodic_return=[185.45924]
SPS: 271
global_step=38273, episodic_return=[183.263]
SPS: 271
global_step=38360, episodic_return=[185.28204]
SPS: 271
global_step=38450, episodic_return=[186.83954]
SPS: 271
global_step=38534, episodic_return=[178.3584]
SPS: 271
global_step=38624, episodic_return=[179.87483]
SPS: 271
global_step=38726, episodic_return=[200.70549]
SPS: 271
global_step=38834, episodic_return=[208.37157]
SPS: 270
global_step=38936, episodic_return=[198.138]
SPS: 270
global_step=39044, episodic_return=[211.12378]
SPS: 270
global_step=39145, episodic_return=[199.36348]
SPS: 270
global_step=39266, episodic_return=[220.14444]
SPS: 270
global_step=39383, episodic_return=[216.6562]
SPS: 270
global_step=39494, episodic_return=[211.26845]
SPS: 270
SPS: 270
global_step=39605, episodic_return=[208.76624]
SPS: 270
global_step=39716, episodic_return=[208.9619]
SPS: 270
global_step=39825, episodic_return=[197.25082]
SPS: 270
global_step=39938, episodic_return=[202.3358]
SPS: 270
global_step=40043, episodic_return=[194.98366]
SPS: 270
global_step=40151, episodic_return=[186.55258]
SPS: 270
global_step=40262, episodic_return=[205.09457]
SPS: 270
global_step=40369, episodic_return=[207.3872]
SPS: 270
global_step=40467, episodic_return=[177.91692]
SPS: 270
global_step=40568, episodic_return=[185.97511]
SPS: 270
global_step=40663, episodic_return=[168.92387]
SPS: 270
global_step=40761, episodic_return=[175.53697]
SPS: 270
global_step=40859, episodic_return=[170.12656]
SPS: 270
global_step=40961, episodic_return=[188.36877]
SPS: 270
global_step=41062, episodic_return=[187.18785]
SPS: 270
global_step=41158, episodic_return=[165.82872]
SPS: 270
global_step=41248, episodic_return=[160.30801]
SPS: 270
global_step=41346, episodic_return=[178.4434]
SPS: 270
global_step=41451, episodic_return=[205.12863]
SPS: 270
global_step=41548, episodic_return=[188.08315]
SPS: 270
global_step=41628, episodic_return=[180.26074]
SPS: 270
global_step=41709, episodic_return=[183.78043]
global_step=41789, episodic_return=[179.04497]
SPS: 270
global_step=41875, episodic_return=[154.03741]
SPS: 270
global_step=41948, episodic_return=[140.67778]
SPS: 270
global_step=42052, episodic_return=[205.67883]
SPS: 269
global_step=42151, episodic_return=[210.38837]
SPS: 269
global_step=42236, episodic_return=[151.61452]
SPS: 269
global_step=42335, episodic_return=[214.11299]
SPS: 269
global_step=42439, episodic_return=[208.25148]
SPS: 269
global_step=42540, episodic_return=[210.75934]
SPS: 269
global_step=42641, episodic_return=[211.60251]
SPS: 269
global_step=42751, episodic_return=[220.95189]
SPS: 269
global_step=42846, episodic_return=[183.83774]
SPS: 269
global_step=42947, episodic_return=[206.36942]
SPS: 269
global_step=43047, episodic_return=[219.68532]
SPS: 269
global_step=43145, episodic_return=[210.65433]
SPS: 269
global_step=43243, episodic_return=[213.5618]
SPS: 269
global_step=43345, episodic_return=[213.6593]
SPS: 269
global_step=43451, episodic_return=[219.26295]
SPS: 269
global_step=43557, episodic_return=[222.89311]
SPS: 269
global_step=43655, episodic_return=[213.62747]
SPS: 269
global_step=43752, episodic_return=[214.24825]
SPS: 269
global_step=43846, episodic_return=[210.91994]
SPS: 269
global_step=43947, episodic_return=[211.86217]
SPS: 269
global_step=44045, episodic_return=[211.03864]
SPS: 269
global_step=44149, episodic_return=[214.85458]
SPS: 269
global_step=44252, episodic_return=[215.36975]
SPS: 269
global_step=44329, episodic_return=[128.52606]
SPS: 269
global_step=44430, episodic_return=[217.94284]
SPS: 269
global_step=44526, episodic_return=[213.83844]
SPS: 269
global_step=44626, episodic_return=[217.33603]
SPS: 269
global_step=44725, episodic_return=[213.73102]
SPS: 269
global_step=44828, episodic_return=[222.43486]
SPS: 269
global_step=44910, episodic_return=[140.74535]
global_step=44995, episodic_return=[143.3712]
SPS: 269
SPS: 269
global_step=45102, episodic_return=[227.31023]
SPS: 269
global_step=45226, episodic_return=[254.06189]
SPS: 269
global_step=45318, episodic_return=[168.97595]
SPS: 269
global_step=45424, episodic_return=[222.5896]
SPS: 269
global_step=45517, episodic_return=[199.94365]
SPS: 269
global_step=45606, episodic_return=[197.30367]
global_step=45673, episodic_return=[123.56298]
SPS: 269
global_step=45747, episodic_return=[135.56308]
SPS: 269
global_step=45804, episodic_return=[104.8736]
global_step=45863, episodic_return=[105.68273]
SPS: 269
global_step=45924, episodic_return=[109.688]
global_step=45981, episodic_return=[103.79075]
SPS: 269
global_step=46039, episodic_return=[106.10452]
SPS: 268
global_step=46127, episodic_return=[192.59605]
SPS: 268
global_step=46220, episodic_return=[172.50984]
SPS: 268
global_step=46333, episodic_return=[240.58855]
SPS: 268
global_step=46421, episodic_return=[159.69792]
SPS: 268
global_step=46501, episodic_return=[144.73326]
global_step=46585, episodic_return=[157.28168]
SPS: 268
global_step=46672, episodic_return=[161.92715]
SPS: 268
global_step=46761, episodic_return=[166.66466]
SPS: 268
global_step=46850, episodic_return=[166.51834]
SPS: 268
global_step=46943, episodic_return=[173.23172]
SPS: 268
global_step=47034, episodic_return=[175.73167]
SPS: 268
global_step=47151, episodic_return=[254.89302]
SPS: 268
global_step=47278, episodic_return=[265.36465]
SPS: 268
global_step=47382, episodic_return=[207.11397]
SPS: 268
SPS: 268
global_step=47501, episodic_return=[248.89847]
global_step=47599, episodic_return=[190.07039]
SPS: 268
global_step=47693, episodic_return=[184.31625]
SPS: 268
SPS: 268
global_step=47804, episodic_return=[226.33717]
global_step=47900, episodic_return=[161.84326]
SPS: 268
global_step=47976, episodic_return=[140.49202]
SPS: 268
global_step=48062, episodic_return=[157.4193]
SPS: 268
global_step=48144, episodic_return=[154.8428]
SPS: 268
global_step=48230, episodic_return=[156.63799]
SPS: 268
global_step=48313, episodic_return=[157.20442]
global_step=48348, episodic_return=[47.82599]
global_step=48382, episodic_return=[45.684326]
SPS: 268
global_step=48417, episodic_return=[47.458473]
SPS: 268
global_step=48527, episodic_return=[196.20439]
global_step=48562, episodic_return=[46.638115]
global_step=48597, episodic_return=[47.15174]
SPS: 268
SPS: 268
global_step=48704, episodic_return=[203.88615]
global_step=48741, episodic_return=[49.470203]
SPS: 268
global_step=48842, episodic_return=[189.72447]
SPS: 268
global_step=48936, episodic_return=[176.79793]
SPS: 268
global_step=49032, episodic_return=[187.15852]
SPS: 268
global_step=49121, episodic_return=[160.99846]
SPS: 268
global_step=49211, episodic_return=[162.97899]
global_step=49269, episodic_return=[100.71767]
SPS: 268
global_step=49377, episodic_return=[222.04005]
SPS: 268
global_step=49436, episodic_return=[104.64314]
SPS: 268
global_step=49527, episodic_return=[179.09329]
SPS: 268
global_step=49635, episodic_return=[223.525]
SPS: 268
global_step=49729, episodic_return=[170.79979]
SPS: 268
global_step=49841, episodic_return=[231.13104]
SPS: 268
global_step=49938, episodic_return=[177.9819]
SPS: 268
global_step=50051, episodic_return=[230.1268]
SPS: 268
global_step=50160, episodic_return=[223.00008]
SPS: 268
global_step=50257, episodic_return=[188.90031]
SPS: 268
global_step=50380, episodic_return=[252.05148]
SPS: 268
global_step=50479, episodic_return=[189.03333]
SPS: 268
global_step=50580, episodic_return=[200.88487]
SPS: 268
global_step=50674, episodic_return=[163.74567]
SPS: 268
global_step=50769, episodic_return=[152.34258]
SPS: 268
global_step=50812, episodic_return=[69.37241]
SPS: 268
global_step=50901, episodic_return=[157.57607]
SPS: 268
global_step=51025, episodic_return=[267.5252]
global_step=51067, episodic_return=[68.80359]
SPS: 268
global_step=51123, episodic_return=[93.90866]
SPS: 268
global_step=51204, episodic_return=[136.37605]
global_step=51292, episodic_return=[143.97607]
SPS: 268
global_step=51369, episodic_return=[74.67204]
SPS: 268
global_step=51452, episodic_return=[150.08224]
SPS: 267
SPS: 267
global_step=51653, episodic_return=[390.08685]
SPS: 267
global_step=51774, episodic_return=[202.10066]
SPS: 267
SPS: 267
global_step=51906, episodic_return=[270.8978]
SPS: 267
global_step=52032, episodic_return=[207.55342]
SPS: 267
global_step=52124, episodic_return=[148.39626]
SPS: 267
global_step=52217, episodic_return=[159.366]
SPS: 267
global_step=52303, episodic_return=[152.0381]
SPS: 267
global_step=52431, episodic_return=[266.70618]
SPS: 267
global_step=52527, episodic_return=[153.66508]
SPS: 267
global_step=52653, episodic_return=[259.78525]
SPS: 267
global_step=52789, episodic_return=[299.88535]
SPS: 267
SPS: 267
global_step=52908, episodic_return=[242.03754]
global_step=52959, episodic_return=[85.441864]
SPS: 267
global_step=53008, episodic_return=[80.55306]
global_step=53066, episodic_return=[99.56601]
SPS: 267
global_step=53175, episodic_return=[223.11778]
SPS: 267
global_step=53285, episodic_return=[189.42574]
SPS: 267
global_step=53351, episodic_return=[116.777725]
SPS: 267
global_step=53424, episodic_return=[123.98816]
global_step=53495, episodic_return=[122.304184]
SPS: 267
global_step=53571, episodic_return=[138.7507]
SPS: 267
global_step=53645, episodic_return=[124.107605]
SPS: 267
global_step=53712, episodic_return=[109.79167]
global_step=53788, episodic_return=[130.00792]
SPS: 267
global_step=53870, episodic_return=[144.83289]
SPS: 267
global_step=53941, episodic_return=[138.05017]
SPS: 267
global_step=54022, episodic_return=[149.28308]
SPS: 267
global_step=54128, episodic_return=[200.30658]
global_step=54195, episodic_return=[124.586395]
SPS: 267
SPS: 267
global_step=54324, episodic_return=[300.54358]
SPS: 267
global_step=54427, episodic_return=[221.80423]
SPS: 267
global_step=54579, episodic_return=[372.6848]
SPS: 267
global_step=54657, episodic_return=[155.86934]
SPS: 267
global_step=54781, episodic_return=[263.10257]
SPS: 267
global_step=54855, episodic_return=[146.31499]
SPS: 267
global_step=54931, episodic_return=[151.05234]
SPS: 267
global_step=55006, episodic_return=[143.36694]
SPS: 267
global_step=55137, episodic_return=[273.10095]
SPS: 267
global_step=55207, episodic_return=[140.6614]
SPS: 267
global_step=55335, episodic_return=[286.37692]
SPS: 267
global_step=55462, episodic_return=[283.4635]
SPS: 267
global_step=55531, episodic_return=[135.6997]
SPS: 267
global_step=55664, episodic_return=[338.16705]
SPS: 267
global_step=55779, episodic_return=[249.43103]
SPS: 267
SPS: 267
global_step=55921, episodic_return=[366.73474]
SPS: 267
global_step=56082, episodic_return=[349.97806]
SPS: 267
SPS: 267
global_step=56208, episodic_return=[272.93942]
SPS: 267
global_step=56341, episodic_return=[296.60745]
SPS: 267
global_step=56465, episodic_return=[248.26338]
SPS: 267
SPS: 267
global_step=56611, episodic_return=[341.78513]
SPS: 267
global_step=56734, episodic_return=[303.15698]
SPS: 267
global_step=56853, episodic_return=[298.52173]
SPS: 267
global_step=56970, episodic_return=[274.8745]
SPS: 267
global_step=57088, episodic_return=[270.35382]
SPS: 267
SPS: 267
global_step=57206, episodic_return=[273.35846]
SPS: 267
global_step=57347, episodic_return=[335.80905]
SPS: 267
global_step=57472, episodic_return=[315.4383]
SPS: 267
SPS: 267
global_step=57641, episodic_return=[424.3233]
SPS: 267
global_step=57766, episodic_return=[293.63776]
SPS: 266
global_step=57891, episodic_return=[317.2546]
SPS: 266
SPS: 266
global_step=58012, episodic_return=[296.17664]
SPS: 266
global_step=58150, episodic_return=[342.90906]
SPS: 266
global_step=58269, episodic_return=[290.9516]
SPS: 266
SPS: 266
global_step=58414, episodic_return=[376.65195]
SPS: 266
global_step=58557, episodic_return=[352.44318]
SPS: 266
SPS: 266
global_step=58782, episodic_return=[624.0628]
SPS: 266
SPS: 266
global_step=58995, episodic_return=[426.5733]
SPS: 266
global_step=59051, episodic_return=[99.742386]
SPS: 266
global_step=59195, episodic_return=[340.60303]
SPS: 266
SPS: 266
global_step=59347, episodic_return=[348.1109]
SPS: 266
global_step=59492, episodic_return=[372.99707]
SPS: 266
SPS: 266
global_step=59622, episodic_return=[254.9151]
SPS: 266
global_step=59768, episodic_return=[357.4272]
SPS: 266
SPS: 266
global_step=59906, episodic_return=[324.5382]
SPS: 266
global_step=60019, episodic_return=[231.20142]
SPS: 266
global_step=60157, episodic_return=[264.89914]
SPS: 266
SPS: 266
global_step=60305, episodic_return=[351.2906]
SPS: 266
global_step=60443, episodic_return=[354.8219]
SPS: 266
global_step=60584, episodic_return=[348.3754]
SPS: 266
SPS: 266
global_step=60741, episodic_return=[521.0525]
SPS: 266
global_step=60861, episodic_return=[318.66013]
SPS: 266
SPS: 266
global_step=61017, episodic_return=[494.34113]
SPS: 266
global_step=61196, episodic_return=[576.95953]
SPS: 266
SPS: 266
global_step=61370, episodic_return=[560.5003]
SPS: 266
SPS: 266
global_step=61540, episodic_return=[496.34656]
SPS: 266
global_step=61698, episodic_return=[444.6464]
SPS: 266
SPS: 266
global_step=61832, episodic_return=[348.3316]
SPS: 266
global_step=61902, episodic_return=[124.85931]
global_step=61987, episodic_return=[90.60074]
SPS: 266
global_step=62006, episodic_return=[-0.7651854]
global_step=62025, episodic_return=[-1.5340314]
global_step=62044, episodic_return=[-1.2517784]
global_step=62063, episodic_return=[-1.3833672]
global_step=62081, episodic_return=[-0.76377594]
global_step=62100, episodic_return=[-1.0788653]
SPS: 266
global_step=62119, episodic_return=[-1.5388849]
global_step=62137, episodic_return=[-0.41243702]
global_step=62156, episodic_return=[-1.3747749]
global_step=62175, episodic_return=[-1.524682]
global_step=62194, episodic_return=[-1.3962824]
SPS: 266
global_step=62212, episodic_return=[-0.9542747]
global_step=62231, episodic_return=[-1.0635002]
global_step=62250, episodic_return=[-0.8313869]
global_step=62268, episodic_return=[-0.5784657]
global_step=62287, episodic_return=[-1.7388823]
SPS: 266
global_step=62306, episodic_return=[-1.3102653]
global_step=62325, episodic_return=[-1.4637232]
global_step=62344, episodic_return=[-1.126671]
global_step=62363, episodic_return=[-1.6599157]
global_step=62382, episodic_return=[-1.1611027]
SPS: 266
global_step=62401, episodic_return=[-1.3579116]
global_step=62420, episodic_return=[-1.1052327]
global_step=62438, episodic_return=[-1.1386986]
global_step=62457, episodic_return=[-1.572017]
global_step=62476, episodic_return=[-1.2274963]
global_step=62494, episodic_return=[-1.1003548]
SPS: 266
global_step=62512, episodic_return=[-1.1425537]
global_step=62530, episodic_return=[-1.2104464]
global_step=62549, episodic_return=[-1.8701532]
global_step=62568, episodic_return=[-1.2807373]
global_step=62586, episodic_return=[-1.3837672]
SPS: 265
global_step=62604, episodic_return=[-0.911757]
global_step=62622, episodic_return=[-1.0050478]
global_step=62641, episodic_return=[-1.5010418]
global_step=62660, episodic_return=[-1.3463001]
global_step=62679, episodic_return=[-1.4337018]
global_step=62698, episodic_return=[-1.248004]
SPS: 265
global_step=62716, episodic_return=[-1.3139756]
global_step=62734, episodic_return=[-0.6846442]
global_step=62753, episodic_return=[-0.9130645]
global_step=62771, episodic_return=[-1.142411]
global_step=62789, episodic_return=[-1.2655047]
SPS: 265
global_step=62808, episodic_return=[-1.4756379]
global_step=62827, episodic_return=[-1.0630686]
global_step=62845, episodic_return=[-0.9020677]
global_step=62864, episodic_return=[-1.420733]
global_step=62883, episodic_return=[-1.0657449]
SPS: 265
global_step=62902, episodic_return=[-0.95265335]
global_step=62921, episodic_return=[-1.3554275]
global_step=62939, episodic_return=[-1.0788009]
global_step=62957, episodic_return=[-0.7917789]
global_step=62975, episodic_return=[-0.91905415]
global_step=62993, episodic_return=[-0.99951303]
SPS: 265
global_step=63011, episodic_return=[-0.89591384]
global_step=63030, episodic_return=[-1.0634092]
global_step=63049, episodic_return=[-1.6734223]
global_step=63068, episodic_return=[-1.3631389]
global_step=63086, episodic_return=[-1.2576549]
SPS: 265
global_step=63104, episodic_return=[-1.2465003]
global_step=63122, episodic_return=[-1.0059661]
global_step=63140, episodic_return=[-1.3859513]
global_step=63159, episodic_return=[-1.1068947]
global_step=63178, episodic_return=[-1.1393216]
global_step=63196, episodic_return=[-0.60655236]
SPS: 265
global_step=63215, episodic_return=[-1.3738009]
global_step=63234, episodic_return=[-1.4551511]
global_step=63253, episodic_return=[-0.90836805]
global_step=63271, episodic_return=[-0.88946754]
global_step=63289, episodic_return=[-1.029362]
SPS: 265
global_step=63308, episodic_return=[-1.1710196]
global_step=63327, episodic_return=[-1.4782689]
global_step=63346, episodic_return=[-1.3106081]
global_step=63365, episodic_return=[-1.4646982]
global_step=63384, episodic_return=[-1.3282567]
SPS: 265
global_step=63403, episodic_return=[-1.0963395]
global_step=63421, episodic_return=[-0.47507924]
global_step=63440, episodic_return=[-1.3267045]
global_step=63459, episodic_return=[-1.275009]
global_step=63478, episodic_return=[-1.2201283]
global_step=63496, episodic_return=[-1.1673629]
SPS: 265
global_step=63514, episodic_return=[-1.3835456]
global_step=63532, episodic_return=[-0.70285416]
global_step=63551, episodic_return=[-1.2200527]
global_step=63569, episodic_return=[-0.802109]
global_step=63588, episodic_return=[-0.9693546]
SPS: 265
global_step=63607, episodic_return=[-1.0489922]
global_step=63625, episodic_return=[-0.66722405]
global_step=63643, episodic_return=[-1.3606037]
global_step=63662, episodic_return=[-1.3207105]
global_step=63680, episodic_return=[-0.7471708]
global_step=63699, episodic_return=[-1.2470293]
SPS: 265
global_step=63718, episodic_return=[-1.1978929]
global_step=63737, episodic_return=[-1.4483464]
global_step=63755, episodic_return=[-0.69240415]
global_step=63774, episodic_return=[-1.4814715]
global_step=63793, episodic_return=[-1.2486427]
SPS: 265
global_step=63812, episodic_return=[-1.2764633]
global_step=63831, episodic_return=[-1.5988959]
global_step=63850, episodic_return=[-1.6146023]
global_step=63869, episodic_return=[-0.98694676]
global_step=63887, episodic_return=[-0.69866246]
SPS: 265
global_step=63906, episodic_return=[-1.3654635]
global_step=63925, episodic_return=[-1.2379303]
global_step=63944, episodic_return=[-1.0817459]
global_step=63963, episodic_return=[-1.0754566]
global_step=63982, episodic_return=[-1.1733923]
global_step=64000, episodic_return=[-1.029187]
SPS: 265
global_step=64018, episodic_return=[-0.6986024]
global_step=64036, episodic_return=[-1.2948334]
global_step=64055, episodic_return=[-1.4363644]
global_step=64074, episodic_return=[-1.4062839]
global_step=64093, episodic_return=[-1.5908782]
SPS: 265
global_step=64112, episodic_return=[-1.5335765]
global_step=64131, episodic_return=[-1.8564398]
global_step=64149, episodic_return=[-1.2322991]
global_step=64168, episodic_return=[-1.5368562]
global_step=64187, episodic_return=[-1.712292]
SPS: 265
global_step=64206, episodic_return=[-1.507138]
global_step=64224, episodic_return=[-0.9387727]
global_step=64243, episodic_return=[-1.280148]
global_step=64262, episodic_return=[-1.3199031]
global_step=64280, episodic_return=[-1.2207417]
global_step=64299, episodic_return=[-1.3571918]
SPS: 265
global_step=64317, episodic_return=[-1.2947866]
global_step=64336, episodic_return=[-1.6609669]
global_step=64355, episodic_return=[-1.5517292]
global_step=64373, episodic_return=[-1.2731907]
global_step=64391, episodic_return=[-1.1137018]
SPS: 265
global_step=64410, episodic_return=[-1.4372942]
global_step=64428, episodic_return=[-0.90177524]
global_step=64447, episodic_return=[-0.75195044]
global_step=64465, episodic_return=[-1.042825]
global_step=64483, episodic_return=[-0.6029745]
SPS: 265
global_step=64502, episodic_return=[-1.3693084]
global_step=64521, episodic_return=[-1.6154985]
global_step=64539, episodic_return=[-0.9208002]
global_step=64558, episodic_return=[-1.7041026]
global_step=64577, episodic_return=[-1.0547574]
global_step=64596, episodic_return=[-0.8331533]
SPS: 265
global_step=64614, episodic_return=[-0.9782309]
global_step=64633, episodic_return=[-1.4229414]
global_step=64652, episodic_return=[-0.83711493]
global_step=64670, episodic_return=[-1.000295]
global_step=64688, episodic_return=[-0.7790409]
SPS: 265
global_step=64707, episodic_return=[-1.2401066]
global_step=64725, episodic_return=[-0.68867517]
global_step=64743, episodic_return=[-0.97323173]
global_step=64761, episodic_return=[-0.8080322]
global_step=64779, episodic_return=[-1.1331527]
global_step=64797, episodic_return=[-1.0509458]
SPS: 265
global_step=64816, episodic_return=[-1.4130225]
global_step=64835, episodic_return=[-1.4194429]
global_step=64854, episodic_return=[-1.235556]
global_step=64873, episodic_return=[-1.6771048]
global_step=64892, episodic_return=[-1.0517563]
SPS: 265
global_step=64911, episodic_return=[-1.6431825]
global_step=64930, episodic_return=[-1.2816551]
global_step=64949, episodic_return=[-1.5686057]
global_step=64968, episodic_return=[-1.270201]
global_step=64987, episodic_return=[-1.5480115]
SPS: 265
global_step=65005, episodic_return=[-0.80151534]
global_step=65023, episodic_return=[-0.4496854]
global_step=65042, episodic_return=[-1.3757167]
global_step=65062, episodic_return=[0.01184618]
SPS: 265
global_step=65185, episodic_return=[306.5017]
SPS: 265
global_step=65299, episodic_return=[265.12567]
SPS: 265
SPS: 265
global_step=65401, episodic_return=[203.67014]
SPS: 264
global_step=65513, episodic_return=[252.20093]
SPS: 264
global_step=65637, episodic_return=[334.36694]
SPS: 264
global_step=65709, episodic_return=[145.47133]
SPS: 264
global_step=65825, episodic_return=[287.9686]
SPS: 264
global_step=65955, episodic_return=[348.2782]
SPS: 264
global_step=66075, episodic_return=[282.15732]
SPS: 264
global_step=66182, episodic_return=[238.00911]
SPS: 264
global_step=66257, episodic_return=[148.32806]
SPS: 264
global_step=66333, episodic_return=[155.41081]
SPS: 264
global_step=66457, episodic_return=[312.92856]
SPS: 264
global_step=66582, episodic_return=[311.12354]
SPS: 264
SPS: 264
global_step=66713, episodic_return=[327.2901]
SPS: 264
global_step=66844, episodic_return=[338.23395]
SPS: 264
global_step=66964, episodic_return=[294.9906]
SPS: 264
global_step=67068, episodic_return=[252.64417]
SPS: 264
global_step=67131, episodic_return=[118.259346]
SPS: 264
global_step=67243, episodic_return=[238.22067]
SPS: 264
global_step=67304, episodic_return=[115.601295]
SPS: 264
global_step=67423, episodic_return=[302.74353]
global_step=67489, episodic_return=[129.68869]
SPS: 264
SPS: 264
global_step=67605, episodic_return=[260.36655]
SPS: 264
global_step=67724, episodic_return=[273.29788]
SPS: 264
global_step=67842, episodic_return=[308.18692]
SPS: 264
global_step=67962, episodic_return=[300.37488]
SPS: 264
global_step=68039, episodic_return=[158.91675]
SPS: 264
global_step=68119, episodic_return=[162.71165]
SPS: 264
global_step=68287, episodic_return=[449.85242]
SPS: 264
global_step=68362, episodic_return=[147.64946]
SPS: 264
global_step=68434, episodic_return=[134.48169]
SPS: 264
global_step=68510, episodic_return=[151.63918]
SPS: 264
global_step=68629, episodic_return=[290.2669]
SPS: 264
global_step=68734, episodic_return=[232.51393]
global_step=68798, episodic_return=[122.453735]
SPS: 264
SPS: 264
global_step=68918, episodic_return=[302.515]
SPS: 264
global_step=69034, episodic_return=[290.43735]
SPS: 264
global_step=69148, episodic_return=[281.8175]
SPS: 264
global_step=69266, episodic_return=[255.91527]
SPS: 264
global_step=69385, episodic_return=[285.12515]
SPS: 264
global_step=69496, episodic_return=[241.21895]
SPS: 264
SPS: 264
global_step=69634, episodic_return=[345.6994]
SPS: 264
global_step=69739, episodic_return=[222.28094]
SPS: 264
global_step=69883, episodic_return=[334.6089]
SPS: 264
SPS: 264
global_step=70006, episodic_return=[271.1576]
SPS: 264
global_step=70106, episodic_return=[204.64468]
SPS: 263
global_step=70247, episodic_return=[366.58105]
SPS: 263
global_step=70386, episodic_return=[329.01852]
SPS: 263
SPS: 263
global_step=70533, episodic_return=[344.40094]
SPS: 263
global_step=70676, episodic_return=[364.98224]
SPS: 263
SPS: 263
global_step=70848, episodic_return=[445.46094]
SPS: 263
SPS: 263
global_step=71042, episodic_return=[478.2415]
SPS: 263
global_step=71170, episodic_return=[283.1146]
SPS: 263
SPS: 263
global_step=71312, episodic_return=[351.96347]
SPS: 263
global_step=71464, episodic_return=[375.35144]
SPS: 263
global_step=71570, episodic_return=[221.55293]
SPS: 263
global_step=71690, episodic_return=[244.44748]
SPS: 263
SPS: 263
global_step=71813, episodic_return=[268.0643]
SPS: 263
global_step=71958, episodic_return=[364.95206]
SPS: 263
global_step=72066, episodic_return=[216.36324]
SPS: 263
global_step=72176, episodic_return=[230.53596]
SPS: 263
SPS: 263
global_step=72326, episodic_return=[362.11133]
SPS: 263
global_step=72447, episodic_return=[253.4918]
SPS: 263
global_step=72550, episodic_return=[205.95944]
SPS: 263
global_step=72658, episodic_return=[226.00974]
SPS: 263
global_step=72779, episodic_return=[277.01678]
SPS: 263
global_step=72885, episodic_return=[229.31764]
SPS: 263
global_step=72992, episodic_return=[233.76747]
SPS: 263
global_step=73097, episodic_return=[219.88808]
SPS: 263
SPS: 263
global_step=73213, episodic_return=[265.7062]
SPS: 263
global_step=73319, episodic_return=[221.5198]
SPS: 263
global_step=73452, episodic_return=[301.40247]
SPS: 263
global_step=73568, episodic_return=[249.37572]
SPS: 263
global_step=73692, episodic_return=[283.70914]
SPS: 263
SPS: 263
global_step=73804, episodic_return=[244.79057]
SPS: 263
global_step=73917, episodic_return=[236.14064]
SPS: 263
global_step=74016, episodic_return=[193.57668]
SPS: 263
global_step=74112, episodic_return=[189.29169]
SPS: 263
global_step=74244, episodic_return=[312.65112]
SPS: 263
global_step=74342, episodic_return=[192.65503]
SPS: 263
global_step=74442, episodic_return=[195.83232]
SPS: 263
global_step=74538, episodic_return=[196.93571]
SPS: 263
global_step=74648, episodic_return=[236.60115]
SPS: 263
global_step=74737, episodic_return=[172.88647]
SPS: 263
global_step=74890, episodic_return=[390.26593]
SPS: 263
SPS: 263
global_step=75028, episodic_return=[333.71878]
SPS: 263
global_step=75139, episodic_return=[244.3751]
SPS: 263
global_step=75251, episodic_return=[242.84619]
SPS: 263
global_step=75372, episodic_return=[271.5893]
SPS: 263
global_step=75478, episodic_return=[229.76581]
SPS: 263
global_step=75592, episodic_return=[230.42953]
SPS: 263
SPS: 263
global_step=75718, episodic_return=[288.488]
SPS: 263
global_step=75819, episodic_return=[195.03914]
SPS: 263
global_step=75926, episodic_return=[216.48425]
SPS: 262
global_step=76072, episodic_return=[344.3784]
SPS: 262
SPS: 262
global_step=76238, episodic_return=[399.24957]
SPS: 262
global_step=76350, episodic_return=[234.86877]
SPS: 262
global_step=76493, episodic_return=[331.4607]
SPS: 262
SPS: 262
global_step=76611, episodic_return=[251.8064]
SPS: 262
global_step=76774, episodic_return=[395.94107]
SPS: 262
global_step=76898, episodic_return=[254.51662]
SPS: 262
SPS: 262
global_step=77059, episodic_return=[385.53473]
SPS: 262
SPS: 262
global_step=77226, episodic_return=[411.51523]
SPS: 262
global_step=77342, episodic_return=[234.55875]
SPS: 262
SPS: 262
global_step=77527, episodic_return=[425.82745]
SPS: 262
global_step=77653, episodic_return=[277.00943]
SPS: 262
SPS: 262
global_step=77838, episodic_return=[524.8197]
SPS: 262
SPS: 262
global_step=78063, episodic_return=[508.71985]
SPS: 262
SPS: 262
global_step=78215, episodic_return=[422.8359]
SPS: 262
global_step=78350, episodic_return=[233.1521]
SPS: 262
global_step=78477, episodic_return=[264.611]
SPS: 262
SPS: 262
global_step=78658, episodic_return=[379.39267]
SPS: 262
SPS: 262
global_step=78813, episodic_return=[320.42374]
SPS: 262
global_step=78938, episodic_return=[233.55283]
SPS: 262
global_step=79064, episodic_return=[238.91591]
SPS: 262
SPS: 262
global_step=79251, episodic_return=[388.8125]
SPS: 262
SPS: 262
global_step=79427, episodic_return=[282.97333]
SPS: 262
SPS: 262
global_step=79640, episodic_return=[389.29233]
SPS: 262
global_step=79761, episodic_return=[207.93713]
SPS: 262
SPS: 262
global_step=79923, episodic_return=[445.49368]
SPS: 262
global_step=80099, episodic_return=[361.2781]
SPS: 262
SPS: 262
global_step=80279, episodic_return=[443.57532]
SPS: 262
global_step=80396, episodic_return=[222.30434]
SPS: 262
SPS: 262
global_step=80512, episodic_return=[239.75107]
SPS: 262
global_step=80650, episodic_return=[323.21664]
SPS: 262
SPS: 262
global_step=80801, episodic_return=[308.52625]
SPS: 262
global_step=80970, episodic_return=[423.87686]
SPS: 262
SPS: 262
global_step=81130, episodic_return=[377.85184]
SPS: 262
SPS: 262
SPS: 262
global_step=81449, episodic_return=[688.38513]
SPS: 262
global_step=81568, episodic_return=[234.74419]
SPS: 262
SPS: 262
global_step=81739, episodic_return=[378.17233]
SPS: 262
SPS: 262
global_step=81946, episodic_return=[539.40204]
SPS: 262
global_step=82046, episodic_return=[190.6694]
SPS: 262
global_step=82188, episodic_return=[342.2091]
SPS: 262
SPS: 262
global_step=82303, episodic_return=[240.45247]
SPS: 262
global_step=82420, episodic_return=[242.96945]
SPS: 262
global_step=82576, episodic_return=[390.658]
SPS: 261
global_step=82686, episodic_return=[226.76292]
SPS: 261
global_step=82788, episodic_return=[201.20886]
SPS: 261
SPS: 261
global_step=82947, episodic_return=[389.34467]
SPS: 261
SPS: 261
global_step=83105, episodic_return=[341.8325]
SPS: 261
global_step=83259, episodic_return=[355.04797]
SPS: 261
global_step=83376, episodic_return=[233.4094]
SPS: 261
SPS: 261
global_step=83536, episodic_return=[348.73447]
SPS: 261
SPS: 261
global_step=83714, episodic_return=[445.35565]
SPS: 261
global_step=83890, episodic_return=[441.0317]
SPS: 261
SPS: 261
global_step=84059, episodic_return=[412.8775]
SPS: 261
global_step=84162, episodic_return=[199.53725]
SPS: 261
SPS: 261
global_step=84322, episodic_return=[397.9036]
SPS: 261
global_step=84448, episodic_return=[258.9949]
SPS: 261
global_step=84575, episodic_return=[266.32397]
SPS: 261
SPS: 261
global_step=84714, episodic_return=[314.74615]
SPS: 261
global_step=84837, episodic_return=[253.62]
SPS: 261
global_step=84966, episodic_return=[287.27917]
SPS: 261
SPS: 261
global_step=85112, episodic_return=[312.60477]
SPS: 261
global_step=85267, episodic_return=[341.9902]
SPS: 261
SPS: 261
global_step=85444, episodic_return=[483.8373]
SPS: 261
global_step=85570, episodic_return=[261.14572]
SPS: 261
SPS: 261
global_step=85776, episodic_return=[447.81107]
SPS: 261
SPS: 261
global_step=85956, episodic_return=[282.6023]
SPS: 261
global_step=86072, episodic_return=[220.0085]
SPS: 261
global_step=86196, episodic_return=[256.02167]
SPS: 261
SPS: 261
global_step=86357, episodic_return=[387.83905]
SPS: 261
SPS: 261
global_step=86588, episodic_return=[488.88364]
SPS: 261
SPS: 261
global_step=86707, episodic_return=[229.2697]
SPS: 261
global_step=86831, episodic_return=[280.09122]
SPS: 261
global_step=86964, episodic_return=[298.22095]
SPS: 261
global_step=87080, episodic_return=[262.26465]
SPS: 261
SPS: 261
global_step=87275, episodic_return=[544.56006]
SPS: 261
global_step=87390, episodic_return=[252.24094]
SPS: 261
SPS: 261
global_step=87523, episodic_return=[318.4881]
SPS: 261
global_step=87626, episodic_return=[211.00584]
SPS: 261
global_step=87728, episodic_return=[219.93939]
SPS: 261
global_step=87830, episodic_return=[221.12665]
SPS: 261
global_step=87941, episodic_return=[256.7272]
SPS: 261
global_step=88056, episodic_return=[262.40424]
SPS: 261
global_step=88166, episodic_return=[241.2805]
SPS: 261
global_step=88281, episodic_return=[270.94534]
SPS: 261
SPS: 261
global_step=88443, episodic_return=[458.81622]
SPS: 261
global_step=88570, episodic_return=[273.11823]
SPS: 261
global_step=88699, episodic_return=[314.82397]
SPS: 261
SPS: 261
global_step=88891, episodic_return=[383.43353]
SPS: 261
SPS: 261
global_step=89014, episodic_return=[350.27887]
SPS: 261
global_step=89123, episodic_return=[218.10043]
SPS: 261
global_step=89245, episodic_return=[250.97345]
SPS: 260
global_step=89351, episodic_return=[220.09006]
SPS: 260
global_step=89484, episodic_return=[331.04788]
SPS: 260
SPS: 260
global_step=89629, episodic_return=[346.91287]
SPS: 260
global_step=89730, episodic_return=[215.21866]
SPS: 260
global_step=89863, episodic_return=[338.911]
SPS: 260
global_step=89996, episodic_return=[328.20007]
SPS: 260
SPS: 260
global_step=90108, episodic_return=[254.66678]
SPS: 260
global_step=90219, episodic_return=[246.65802]
SPS: 260
global_step=90349, episodic_return=[270.0855]
SPS: 260
global_step=90472, episodic_return=[240.86198]
SPS: 260
SPS: 260
global_step=90668, episodic_return=[485.85327]
SPS: 260
SPS: 260
global_step=90811, episodic_return=[373.3896]
SPS: 260
global_step=90959, episodic_return=[372.2565]
SPS: 260
SPS: 260
SPS: 260
global_step=91212, episodic_return=[646.52856]
SPS: 260
global_step=91346, episodic_return=[347.74222]
SPS: 260
global_step=91466, episodic_return=[236.11754]
SPS: 260
SPS: 260
global_step=91615, episodic_return=[395.7029]
SPS: 260
global_step=91743, episodic_return=[298.61978]
SPS: 260
global_step=91868, episodic_return=[355.36954]
SPS: 260
global_step=91999, episodic_return=[348.5095]
SPS: 260
SPS: 260
global_step=92129, episodic_return=[333.54602]
SPS: 260
global_step=92279, episodic_return=[399.70364]
SPS: 260
SPS: 260
SPS: 260
global_step=92508, episodic_return=[578.0398]
SPS: 260
global_step=92667, episodic_return=[417.41876]
SPS: 260
global_step=92762, episodic_return=[202.98717]
SPS: 260
global_step=92891, episodic_return=[316.25558]
SPS: 260
SPS: 260
global_step=93052, episodic_return=[420.2868]
SPS: 260
global_step=93173, episodic_return=[280.11172]
SPS: 260
global_step=93300, episodic_return=[306.36618]
SPS: 260
SPS: 260
SPS: 260
global_step=93503, episodic_return=[547.7316]
SPS: 260
global_step=93603, episodic_return=[196.29404]
SPS: 260
global_step=93751, episodic_return=[366.5127]
SPS: 260
SPS: 260
global_step=93915, episodic_return=[467.99197]
SPS: 260
global_step=94029, episodic_return=[268.00867]
SPS: 260
global_step=94122, episodic_return=[195.01718]
SPS: 260
global_step=94220, episodic_return=[227.19312]
SPS: 260
global_step=94362, episodic_return=[340.92554]
SPS: 260
global_step=94462, episodic_return=[217.48141]
SPS: 260
SPS: 260
global_step=94632, episodic_return=[463.93597]
SPS: 260
global_step=94746, episodic_return=[272.60907]
SPS: 260
global_step=94842, episodic_return=[190.11324]
SPS: 260
global_step=94942, episodic_return=[232.48738]
SPS: 260
global_step=95039, episodic_return=[222.49974]
SPS: 260
global_step=95143, episodic_return=[251.94884]
SPS: 260
global_step=95258, episodic_return=[282.48425]
SPS: 260
global_step=95371, episodic_return=[272.58652]
SPS: 260
global_step=95500, episodic_return=[316.76627]
SPS: 260
SPS: 260
global_step=95609, episodic_return=[274.77365]
global_step=95697, episodic_return=[163.9549]
SPS: 260
SPS: 260
global_step=95801, episodic_return=[250.71748]
global_step=95898, episodic_return=[208.79486]
SPS: 260
SPS: 260
global_step=96026, episodic_return=[312.16672]
SPS: 260
global_step=96141, episodic_return=[294.309]
SPS: 260
global_step=96257, episodic_return=[280.8134]
SPS: 260
global_step=96366, episodic_return=[245.1895]
SPS: 260
global_step=96449, episodic_return=[170.17845]
SPS: 260
global_step=96538, episodic_return=[192.73135]
SPS: 260
global_step=96643, episodic_return=[250.95476]
SPS: 260
global_step=96745, episodic_return=[242.2773]
SPS: 260
global_step=96845, episodic_return=[216.30354]
SPS: 260
global_step=96946, episodic_return=[238.56952]
SPS: 260
global_step=97032, episodic_return=[180.86943]
SPS: 260
global_step=97130, episodic_return=[229.81355]
SPS: 260
global_step=97230, episodic_return=[227.42975]
SPS: 260
global_step=97325, episodic_return=[219.32286]
SPS: 260
global_step=97423, episodic_return=[224.30458]
global_step=97499, episodic_return=[126.483]
SPS: 260
SPS: 259
global_step=97615, episodic_return=[283.67722]
SPS: 259
global_step=97728, episodic_return=[260.87338]
SPS: 259
global_step=97819, episodic_return=[194.26675]
SPS: 259
global_step=97918, episodic_return=[229.91455]
SPS: 259
global_step=98015, episodic_return=[216.92381]
SPS: 259
global_step=98121, episodic_return=[246.5823]
SPS: 259
global_step=98233, episodic_return=[264.53815]
SPS: 259
global_step=98357, episodic_return=[298.8199]
SPS: 259
global_step=98469, episodic_return=[267.60712]
SPS: 259
SPS: 259
global_step=98601, episodic_return=[343.07947]
SPS: 259
global_step=98707, episodic_return=[250.50826]
SPS: 259
global_step=98807, episodic_return=[227.17706]
SPS: 259
global_step=98906, episodic_return=[232.40155]
SPS: 259
global_step=99033, episodic_return=[315.0403]
SPS: 259
global_step=99159, episodic_return=[301.4099]
SPS: 259
global_step=99276, episodic_return=[270.83615]
SPS: 259
global_step=99379, episodic_return=[228.05357]
SPS: 259
SPS: 259
global_step=99504, episodic_return=[323.62732]
SPS: 259
global_step=99626, episodic_return=[307.22763]
SPS: 259
global_step=99731, episodic_return=[236.51517]
SPS: 259
global_step=99830, episodic_return=[199.4128]
SPS: 259
global_step=99928, episodic_return=[194.78549]
SPS: 259
global_step=100037, episodic_return=[253.58217]
SPS: 259
global_step=100148, episodic_return=[242.73087]
SPS: 259
global_step=100247, episodic_return=[201.38855]
SPS: 259
global_step=100345, episodic_return=[206.49617]
SPS: 259
global_step=100455, episodic_return=[254.95679]
free(): invalid pointer
Traceback (most recent call last):
  File "/home/vkonuru/cleanrl/tests/test_doublegum.py", line 51, in <module>
    test_mujoco()
  File "/home/vkonuru/cleanrl/tests/test_doublegum.py", line 8, in test_mujoco
    subprocess.run(
  File "/home/vkonuru/.conda/envs/cleanRL/lib/python3.9/subprocess.py", line 528, in run
    raise CalledProcessError(retcode, process.args,
subprocess.CalledProcessError: Command 'python cleanrl/ddpg_continuous_action.py --env-id Hopper-v4 --learning-starts 100 --batch-size 32 --total-timesteps 100500' died with <Signals.SIGABRT: 6>.
